c:\users\дмитрий\source\repos\harmonicproblem\harmonicproblem\x64\release\vc143.pdb
c:\users\дмитрий\source\repos\harmonicproblem\harmonicproblem\x64\release\structs.obj
c:\users\дмитрий\source\repos\harmonicproblem\harmonicproblem\x64\release\gaussquadratures.obj
c:\users\дмитрий\source\repos\harmonicproblem\harmonicproblem\x64\release\mainprog.obj
c:\users\дмитрий\source\repos\harmonicproblem\harmonicproblem\x64\release\luprecondition.obj
c:\users\дмитрий\source\repos\harmonicproblem\harmonicproblem\x64\release\los_lu.obj
c:\users\дмитрий\source\repos\harmonicproblem\harmonicproblem\x64\release\linearalgebraalgorithms.obj
c:\users\дмитрий\source\repos\harmonicproblem\harmonicproblem\x64\release\ldu.obj
c:\users\дмитрий\source\repos\harmonicproblem\harmonicproblem\x64\release\input.obj
c:\users\дмитрий\source\repos\harmonicproblem\harmonicproblem\x64\release\gmres_lu.obj
c:\users\дмитрий\source\repos\harmonicproblem\harmonicproblem\x64\release\funcsmatrix.obj
c:\users\дмитрий\source\repos\harmonicproblem\harmonicproblem\x64\release\funcofarea.obj
c:\users\дмитрий\source\repos\harmonicproblem\harmonicproblem\x64\release\additionalfuncs.obj
c:\users\дмитрий\source\repos\harmonicproblem\x64\release\harmonicproblem.exe
c:\users\дмитрий\source\repos\harmonicproblem\x64\release\harmonicproblem.pdb
c:\users\дмитрий\source\repos\harmonicproblem\harmonicproblem\x64\release\harmonicproblem.ipdb
c:\users\дмитрий\source\repos\harmonicproblem\harmonicproblem\x64\release\harmonicproblem.iobj
c:\users\дмитрий\source\repos\harmonicproblem\harmonicproblem\x64\release\harmonicproblem.tlog\cl.command.1.tlog
c:\users\дмитрий\source\repos\harmonicproblem\harmonicproblem\x64\release\harmonicproblem.tlog\cl.items.tlog
c:\users\дмитрий\source\repos\harmonicproblem\harmonicproblem\x64\release\harmonicproblem.tlog\cl.read.1.tlog
c:\users\дмитрий\source\repos\harmonicproblem\harmonicproblem\x64\release\harmonicproblem.tlog\cl.write.1.tlog
c:\users\дмитрий\source\repos\harmonicproblem\harmonicproblem\x64\release\harmonicproblem.tlog\link.command.1.tlog
c:\users\дмитрий\source\repos\harmonicproblem\harmonicproblem\x64\release\harmonicproblem.tlog\link.read.1.tlog
c:\users\дмитрий\source\repos\harmonicproblem\harmonicproblem\x64\release\harmonicproblem.tlog\link.secondary.1.tlog
c:\users\дмитрий\source\repos\harmonicproblem\harmonicproblem\x64\release\harmonicproblem.tlog\link.write.1.tlog
