c:\users\дмитрий\source\repos\harmonicproblem\harmonicproblem\x64\debug\vc143.pdb
c:\users\дмитрий\source\repos\harmonicproblem\harmonicproblem\x64\debug\vc143.idb
c:\users\дмитрий\source\repos\harmonicproblem\harmonicproblem\x64\debug\structs.obj
c:\users\дмитрий\source\repos\harmonicproblem\harmonicproblem\x64\debug\mainprog.obj
c:\users\дмитрий\source\repos\harmonicproblem\harmonicproblem\x64\debug\los.obj
c:\users\дмитрий\source\repos\harmonicproblem\harmonicproblem\x64\debug\input.obj
c:\users\дмитрий\source\repos\harmonicproblem\harmonicproblem\x64\debug\funcsmatrix.obj
c:\users\дмитрий\source\repos\harmonicproblem\harmonicproblem\x64\debug\funcofarea.obj
c:\users\дмитрий\source\repos\harmonicproblem\harmonicproblem\x64\debug\additionalfunc.obj
c:\users\дмитрий\source\repos\harmonicproblem\harmonicproblem\x64\debug\ldu.obj
c:\users\дмитрий\source\repos\harmonicproblem\harmonicproblem\x64\debug\gaussquadratures.obj
c:\users\дмитрий\source\repos\harmonicproblem\x64\debug\harmonicproblem.exe
c:\users\дмитрий\source\repos\harmonicproblem\x64\debug\harmonicproblem.pdb
c:\users\дмитрий\source\repos\harmonicproblem\harmonicproblem\x64\debug\harmonicproblem.ilk
c:\users\дмитрий\source\repos\harmonicproblem\harmonicproblem\x64\debug\harmonicproblem.tlog\cl.command.1.tlog
c:\users\дмитрий\source\repos\harmonicproblem\harmonicproblem\x64\debug\harmonicproblem.tlog\cl.items.tlog
c:\users\дмитрий\source\repos\harmonicproblem\harmonicproblem\x64\debug\harmonicproblem.tlog\cl.read.1.tlog
c:\users\дмитрий\source\repos\harmonicproblem\harmonicproblem\x64\debug\harmonicproblem.tlog\cl.write.1.tlog
c:\users\дмитрий\source\repos\harmonicproblem\harmonicproblem\x64\debug\harmonicproblem.tlog\link.command.1.tlog
c:\users\дмитрий\source\repos\harmonicproblem\harmonicproblem\x64\debug\harmonicproblem.tlog\link.read.1.tlog
c:\users\дмитрий\source\repos\harmonicproblem\harmonicproblem\x64\debug\harmonicproblem.tlog\link.secondary.1.tlog
c:\users\дмитрий\source\repos\harmonicproblem\harmonicproblem\x64\debug\harmonicproblem.tlog\link.write.1.tlog
